frontDCC.exe: 000030CC: 01:14:38 []:>--------------------------------------------------------------<
frontDCC.exe: 000030CC: 01:14:38 [TUniServerModule]:Server First Init.
frontDCC.exe: 000030CC: 01:14:38 [TUniServerModule]:Start Path = C:\code\frontAdmin\source\frontDCC\Win32\Debug\
frontDCC.exe: 000030CC: 01:14:38 [TUniServerModule]:Debug Mode = ON
frontDCC.exe: 000030CC: 01:14:38 [TUniServerModule]:Starting HTTP Server on Port: 8077...
frontDCC.exe: 000030CC: 01:14:38 [TUniServerModule]:HTTP Server Started on Port: 8077
frontDCC.exe: 000030CC: 01:15:22 [TUniServerModule]:Terminate started... (0)
frontDCC.exe: 000030CC: 01:15:23 [TUniServerModule]:Shutting Down Server.
frontDCC.exe: 000030CC: 01:15:23 [TUniServerModule]:Stopping HTTP Server.
frontDCC.exe: 000030CC: 01:15:24 [TUniServerModule]:HTTP Server Stopped.
frontDCC.exe: 000030CC: 01:15:24 [TUniGUISessionManager]:Terminating Session manager.
frontDCC.exe: 000030CC: 01:15:24 [TUniGUISessionManager]:Stopping Cache Eraser...
frontDCC.exe: 000030CC: 01:15:24 [TUniGUISessionManager]:Cache Eraser Stopped.
frontDCC.exe: 000030CC: 01:15:24 [TUniGUISessionManager]:Destroying Worker Threads.
frontDCC.exe: 000030CC: 01:15:24 [TUniGUISessionManager]:Session manager terminated.
frontDCC.exe: 000030CC: 01:15:24 [TUniWebSocketStack]:Terminating...
frontDCC.exe: 000030CC: 01:15:24 [TUniGUIMessageQ]:Terminated.
frontDCC.exe: 000030CC: 01:15:24 [TUniWebSocketStack]:Terminated.
frontDCC.exe: 000030CC: 01:15:24 [TUniServerModule]:Server Shutdown Completed.
frontDCC.exe: 000030CC: 01:15:24 []:<-------------------------------------------------------------->
